Build started 14/12/2016 13:34:00.
     1>Project "C:\Users\TEMP\Downloads\Projeto_MTP\Projeto_MTP\Projeto_MTP.vcxproj" on node 2 (build target(s)).
     1>InitializeBuildStatus:
         Creating "Debug\Projeto_MTP.unsuccessfulbuild" because "AlwaysCreate" was specified.
       GenerateTargetFrameworkMonikerAttribute:
       Skipping target "GenerateTargetFrameworkMonikerAttribute" because all output files are up-to-date with respect to the input files.
       ClCompile:
         All outputs are up-to-date.
         All outputs are up-to-date.
         All outputs are up-to-date.
       CoreResGen:
         No resources are out of date with respect to their source files. Skipping resource generation.
       ResourceCompile:
         All outputs are up-to-date.
       Link:
         All outputs are up-to-date.
         Projeto_MTP.vcxproj -> C:\Users\TEMP\Downloads\Projeto_MTP\Debug\Projeto_MTP.exe
       FinalizeBuildStatus:
         Deleting file "Debug\Projeto_MTP.unsuccessfulbuild".
         Touching "Debug\Projeto_MTP.lastbuildstate".
     1>Done Building Project "C:\Users\TEMP\Downloads\Projeto_MTP\Projeto_MTP\Projeto_MTP.vcxproj" (build target(s)).

Build succeeded.

Time Elapsed 00:00:00.14
